Compiling the C compiler identification source file "CMakeCCompilerId.c" failed.
Compiler: /Applications/Xcode.app/Contents/Developer/Toolchains/XcodeDefault.xctoolchain/usr/bin/cc 
Build flags: 
Id flags:  

The output was:
1
ld: library not found for -lSystem
clang: error: linker command failed with exit code 1 (use -v to see invocation)


Compiling the CXX compiler identification source file "CMakeCXXCompilerId.cpp" failed.
Compiler: /Applications/Xcode.app/Contents/Developer/Toolchains/XcodeDefault.xctoolchain/usr/bin/c++ 
Build flags: 
Id flags:  

The output was:
1
ld: library not found for -lc++
clang: error: linker command failed with exit code 1 (use -v to see invocation)


Determining if the function argp_parse exists failed with the following output:
Change Dir: /Users/andrejpistek/Developer/GitHub/c-book/build/CMakeFiles/CMakeTmp

Run Build Command(s):/Users/andrejpistek/Library/Application Support/JetBrains/Toolbox/apps/CLion/ch-0/223.8214.51/CLion.app/Contents/bin/ninja/mac/ninja cmTC_3bb9d && [1/2] Building C object CMakeFiles/cmTC_3bb9d.dir/CheckFunctionExists.c.o
[2/2] Linking C executable cmTC_3bb9d
FAILED: cmTC_3bb9d 
: && /Applications/Xcode.app/Contents/Developer/Toolchains/XcodeDefault.xctoolchain/usr/bin/cc -DCHECK_FUNCTION_EXISTS=argp_parse -arch arm64 -isysroot /Applications/Xcode.app/Contents/Developer/Platforms/MacOSX.platform/Developer/SDKs/MacOSX13.1.sdk -Wl,-search_paths_first -Wl,-headerpad_max_install_names  CMakeFiles/cmTC_3bb9d.dir/CheckFunctionExists.c.o -o cmTC_3bb9d   && :
Undefined symbols for architecture arm64:
  "_argp_parse", referenced from:
      _main in CheckFunctionExists.c.o
ld: symbol(s) not found for architecture arm64
clang: error: linker command failed with exit code 1 (use -v to see invocation)
ninja: build stopped: subcommand failed.



